[Info  - 6:57:32 PM] Initialising intelephense 1.6.3
[Info  - 6:57:32 PM] Initialised in 18 ms
[Warn  - 6:57:32 PM] file:///home/petot/Documents/project-laravel/6.databases/vendor/fakerphp/faker/src/Faker/Provider/nl_BE/Text.php is over the maximum file size of 1000000 bytes.
[Info  - 6:57:32 PM] Indexing started.
[Info  - 6:57:48 PM] Indexing ended. 6060 files indexed in 15s.
[Info  - 6:57:48 PM] Writing state to /home/petot/Documents/project-laravel/6.databases/vscode/User/workspaceStorage/23bd32be6166b6a3ee104b777f827f18/bmewburn.vscode-intelephense-client/42347afa.
[Info  - 6:57:49 PM] Wrote state in 1.2s.
[Info  - 6:58:19 PM] Indexing started.
[Info  - 6:58:19 PM] Indexing ended. 1 files indexed in 0s.
[Info  - 6:58:19 PM] Indexing started.
[Info  - 6:58:19 PM] Indexing ended. 1 files indexed in 0s.
[Info  - 6:58:19 PM] Indexing started.
[Info  - 6:58:20 PM] Indexing ended. 1 files indexed in 0s.
[Info  - 6:58:21 PM] Indexing started.
[Info  - 6:58:21 PM] Indexing ended. 1 files indexed in 0s.
[Info  - 7:12:10 PM] Indexing started.
[Info  - 7:12:11 PM] Indexing ended. 1 files indexed in 0s.
[Info  - 7:15:38 PM] Indexing started.
[Info  - 7:15:38 PM] Indexing ended. 1 files indexed in 0s.
[Info  - 7:18:04 PM] Indexing started.
[Info  - 7:18:04 PM] Indexing ended. 1 files indexed in 0s.
